[    0.000000] Initializing cgroup subsys cpuset
[    0.000000] Initializing cgroup subsys cpu
[    0.000000] Initializing cgroup subsys cpuacct
[    0.000000] Linux version 4.4.0-165-generic (buildd@lgw01-amd64-027) (gcc version 5.4.0 20160609 (Ubuntu 5.4.0-6ubuntu1~16.04.10) ) #193-Ubuntu SMP Tue Sep 17 17:42:52 UTC 2019 (Ubuntu 4.4.0-165.193-generic 4.4.189)
[    0.000000] Command line: BOOT_IMAGE=/boot/vmlinuz-4.4.0-165-generic root=LABEL=cloudimg-rootfs ro console=tty1 console=ttyS0
[    0.000000] KERNEL supported cpus:
[    0.000000]   Intel GenuineIntel
[    0.000000]   AMD AuthenticAMD
[    0.000000]   Centaur CentaurHauls
[    0.000000] ------------[ cut here ]------------
[    0.000000] WARNING: CPU: 0 PID: 0 at /build/linux-ck91bl/linux-4.4.0/arch/x86/kernel/fpu/xstate.c:517 fpu__init_system_xstate+0x37e/0x764()
[    0.000000] XSAVE consistency problem, dumping leaves
[    0.000000] Modules linked in:
[    0.000000] CPU: 0 PID: 0 Comm: swapper Not tainted 4.4.0-165-generic #193-Ubuntu
[    0.000000]  0000000000000086 1550e88d2658370b ffffffff81e03d70 ffffffff8140c201
[    0.000000]  ffffffff81e03db8 ffffffff81cb36f8 ffffffff81e03da8 ffffffff810864e2
[    0.000000]  0000000000000008 0000000000000340 0000000000000100 ffffffff81e03e3c
[    0.000000] Call Trace:
[    0.000000]  [<ffffffff8140c201>] dump_stack+0x63/0x82
[    0.000000]  [<ffffffff810864e2>] warn_slowpath_common+0x82/0xc0
[    0.000000]  [<ffffffff8108657c>] warn_slowpath_fmt+0x5c/0x80
[    0.000000]  [<ffffffff81081f94>] ? xfeature_size+0x59/0x77
[    0.000000]  [<ffffffff81f78325>] fpu__init_system_xstate+0x37e/0x764
[    0.000000]  [<ffffffff81f68120>] ? early_idt_handler_array+0x120/0x120
[    0.000000]  [<ffffffff81f77d2e>] fpu__init_system+0x1e7/0x28e
[    0.000000]  [<ffffffff81f78f9a>] early_cpu_init+0x276/0x27c
[    0.000000]  [<ffffffff81f78f9a>] ? early_cpu_init+0x276/0x27c
[    0.000000]  [<ffffffff81f742d1>] setup_arch+0xc0/0xd1f
[    0.000000]  [<ffffffff81f68120>] ? early_idt_handler_array+0x120/0x120
[    0.000000]  [<ffffffff81f68c75>] start_kernel+0xe2/0x4a4
[    0.000000]  [<ffffffff81f68120>] ? early_idt_handler_array+0x120/0x120
[    0.000000]  [<ffffffff81f68339>] x86_64_start_reservations+0x2a/0x2c
[    0.000000]  [<ffffffff81f68485>] x86_64_start_kernel+0x14a/0x16d
[    0.000000] ---[ end trace 4d5ff9f2f68c4233 ]---
[    0.000000] CPUID[0d, 00]: eax=00000007 ebx=00000440 ecx=00000440 edx=00000000
[    0.000000] CPUID[0d, 01]: eax=00000000 ebx=00000440 ecx=00000000 edx=00000000
[    0.000000] CPUID[0d, 02]: eax=00000100 ebx=00000240 ecx=00000000 edx=00000000
[    0.000000] CPUID[0d, 03]: eax=00000000 ebx=00000000 ecx=00000000 edx=00000000
[    0.000000] CPUID[0d, 04]: eax=00000000 ebx=00000000 ecx=00000000 edx=00000000
[    0.000000] CPUID[0d, 05]: eax=00000000 ebx=00000000 ecx=00000000 edx=00000000
[    0.000000] CPUID[0d, 06]: eax=00000000 ebx=00000000 ecx=00000000 edx=00000000
[    0.000000] CPUID[0d, 07]: eax=00000000 ebx=00000000 ecx=00000000 edx=00000000
[    0.000000] CPUID[0d, 08]: eax=00000000 ebx=00000000 ecx=00000000 edx=00000000
[    0.000000] CPUID[0d, 09]: eax=00000000 ebx=00000000 ecx=00000000 edx=00000000
[    0.000000] CPUID[0d, 0a]: eax=00000000 ebx=00000000 ecx=00000000 edx=00000000
[    0.000000] CPUID[0d, 0b]: eax=00000000 ebx=00000000 ecx=00000000 edx=00000000
[    0.000000] CPUID[0d, 0c]: eax=00000000 ebx=00000000 ecx=00000000 edx=00000000
[    0.000000] CPUID[0d, 0d]: eax=00000000 ebx=00000000 ecx=00000000 edx=00000000
[    0.000000] CPUID[0d, 0e]: eax=00000000 ebx=00000000 ecx=00000000 edx=00000000
[    0.000000] CPUID[0d, 0f]: eax=00000000 ebx=00000000 ecx=00000000 edx=00000000
[    0.000000] CPUID[0d, 10]: eax=00000000 ebx=00000000 ecx=00000000 edx=00000000
[    0.000000] CPUID[0d, 11]: eax=00000000 ebx=00000000 ecx=00000000 edx=00000000
[    0.000000] x86/fpu: xstate_offset[2]:  576, xstate_sizes[2]:  256
[    0.000000] x86/fpu: Supporting XSAVE feature 0x01: 'x87 floating point registers'
[    0.000000] x86/fpu: Supporting XSAVE feature 0x02: 'SSE registers'
[    0.000000] x86/fpu: Supporting XSAVE feature 0x04: 'AVX registers'
[    0.000000] x86/fpu: Enabled xstate features 0x7, context size is 1088 bytes, using 'standard' format.
[    0.000000] e820: BIOS-provided physical RAM map:
[    0.000000] BIOS-e820: [mem 0x0000000000000000-0x000000000009fbff] usable
[    0.000000] BIOS-e820: [mem 0x000000000009fc00-0x000000000009ffff] reserved
[    0.000000] BIOS-e820: [mem 0x00000000000f0000-0x00000000000fffff] reserved
[    0.000000] BIOS-e820: [mem 0x0000000000100000-0x000000003ffeffff] usable
[    0.000000] BIOS-e820: [mem 0x000000003fff0000-0x000000003fffffff] ACPI data
[    0.000000] BIOS-e820: [mem 0x00000000fec00000-0x00000000fec00fff] reserved
[    0.000000] BIOS-e820: [mem 0x00000000fee00000-0x00000000fee00fff] reserved
[    0.000000] BIOS-e820: [mem 0x00000000fffc0000-0x00000000ffffffff] reserved
[    0.000000] NX (Execute Disable) protection: active
[    0.000000] SMBIOS 2.5 present.
[    0.000000] Hypervisor detected: KVM
[    0.000000] e820: last_pfn = 0x3fff0 max_arch_pfn = 0x400000000
[    0.000000] MTRR: Disabled
[    0.000000] x86/PAT: MTRRs disabled, skipping PAT initialization too.
[    0.000000] CPU MTRRs all blank - virtualized system.
[    0.000000] x86/PAT: Configuration [0-7]: WB  WT  UC- UC  WB  WT  UC- UC  
[    0.000000] found SMP MP-table at [mem 0x0009fff0-0x0009ffff] mapped at [ffff88000009fff0]
[    0.000000] Scanning 1 areas for low memory corruption
[    0.000000] RAMDISK: [mem 0x362fa000-0x37174fff]
[    0.000000] ACPI: Early table checksum verification disabled
[    0.000000] ACPI: RSDP 0x00000000000E0000 000024 (v02 VBOX  )
[    0.000000] ACPI: XSDT 0x000000003FFF0030 00003C (v01 VBOX   VBOXXSDT 00000001 ASL  00000061)
[    0.000000] ACPI: FACP 0x000000003FFF00F0 0000F4 (v04 VBOX   VBOXFACP 00000001 ASL  00000061)
[    0.000000] ACPI: DSDT 0x000000003FFF0470 0021FF (v02 VBOX   VBOXBIOS 00000002 INTL 20100528)
[    0.000000] ACPI: FACS 0x000000003FFF0200 000040
[    0.000000] ACPI: FACS 0x000000003FFF0200 000040
[    0.000000] ACPI: APIC 0x000000003FFF0240 00005C (v02 VBOX   VBOXAPIC 00000001 ASL  00000061)
[    0.000000] ACPI: SSDT 0x000000003FFF02A0 0001CC (v01 VBOX   VBOXCPUT 00000002 INTL 20100528)
[    0.000000] No NUMA configuration found
[    0.000000] Faking a node at [mem 0x0000000000000000-0x000000003ffeffff]
[    0.000000] NODE_DATA(0) allocated [mem 0x3ffeb000-0x3ffeffff]
[    0.000000] kvm-clock: Using msrs 4b564d01 and 4b564d00
[    0.000000] kvm-clock: cpu 0, msr 0:3ffe3001, primary cpu clock
[    0.000000] kvm-clock: using sched offset of 3752123744 cycles
[    0.000000] clocksource: kvm-clock: mask: 0xffffffffffffffff max_cycles: 0x1cd42e4dffb, max_idle_ns: 881590591483 ns
[    0.000000] Zone ranges:
[    0.000000]   DMA      [mem 0x0000000000001000-0x0000000000ffffff]
[    0.000000]   DMA32    [mem 0x0000000001000000-0x000000003ffeffff]
[    0.000000]   Normal   empty
[    0.000000]   Device   empty
[    0.000000] Movable zone start for each node
[    0.000000] Early memory node ranges
[    0.000000]   node   0: [mem 0x0000000000001000-0x000000000009efff]
[    0.000000]   node   0: [mem 0x0000000000100000-0x000000003ffeffff]
[    0.000000] Initmem setup node 0 [mem 0x0000000000001000-0x000000003ffeffff]
[    0.000000] ACPI: PM-Timer IO Port: 0x4008
[    0.000000] IOAPIC[0]: apic_id 2, version 32, address 0xfec00000, GSI 0-23
[    0.000000] ACPI: INT_SRC_OVR (bus 0 bus_irq 0 global_irq 2 dfl dfl)
[    0.000000] ACPI: INT_SRC_OVR (bus 0 bus_irq 9 global_irq 9 high level)
[    0.000000] Using ACPI (MADT) for SMP configuration information
[    0.000000] smpboot: Allowing 2 CPUs, 0 hotplug CPUs
[    0.000000] PM: Registered nosave memory: [mem 0x00000000-0x00000fff]
[    0.000000] PM: Registered nosave memory: [mem 0x0009f000-0x0009ffff]
[    0.000000] PM: Registered nosave memory: [mem 0x000a0000-0x000effff]
[    0.000000] PM: Registered nosave memory: [mem 0x000f0000-0x000fffff]
[    0.000000] e820: [mem 0x40000000-0xfebfffff] available for PCI devices
[    0.000000] Booting paravirtualized kernel on KVM
[    0.000000] clocksource: refined-jiffies: mask: 0xffffffff max_cycles: 0xffffffff, max_idle_ns: 7645519600211568 ns
[    0.000000] setup_percpu: NR_CPUS:512 nr_cpumask_bits:512 nr_cpu_ids:2 nr_node_ids:1
[    0.000000] PERCPU: Embedded 34 pages/cpu @ffff88003fc00000 s99544 r8192 d31528 u1048576
[    0.000000] Built 1 zonelists in Node order, mobility grouping on.  Total pages: 257912
[    0.000000] Policy zone: DMA32
[    0.000000] Kernel command line: BOOT_IMAGE=/boot/vmlinuz-4.4.0-165-generic root=LABEL=cloudimg-rootfs ro console=tty1 console=ttyS0
[    0.000000] PID hash table entries: 4096 (order: 3, 32768 bytes)
[    0.000000] Memory: 997732K/1048120K available (8621K kernel code, 1335K rwdata, 4032K rodata, 1484K init, 1284K bss, 50388K reserved, 0K cma-reserved)
[    0.000000] SLUB: HWalign=64, Order=0-3, MinObjects=0, CPUs=2, Nodes=1
[    0.000000] Kernel/User page tables isolation: enabled
[    0.000000] Hierarchical RCU implementation.
[    0.000000] 	Build-time adjustment of leaf fanout to 64.
[    0.000000] 	RCU restricting CPUs from NR_CPUS=512 to nr_cpu_ids=2.
[    0.000000] RCU: Adjusting geometry for rcu_fanout_leaf=64, nr_cpu_ids=2
[    0.000000] NR_IRQS:33024 nr_irqs:440 16
[    0.000000] Console: colour VGA+ 80x25
[    0.000000] console [tty1] enabled
[    0.000000] console [ttyS0] enabled
[    0.000000] tsc: Detected 2712.000 MHz processor
[    5.417836] Calibrating delay loop (skipped) preset value.. 5424.00 BogoMIPS (lpj=10848000)
[    5.430181] pid_max: default: 32768 minimum: 301
[    5.461849] ACPI: Core revision 20150930
[    5.471161] ACPI: 2 ACPI AML tables successfully acquired and loaded
[    5.490764] Security Framework initialized
[    5.522255] Yama: becoming mindful.
[    5.539804] AppArmor: AppArmor initialized
[    5.569922] Dentry cache hash table entries: 131072 (order: 8, 1048576 bytes)
[    5.591587] Inode-cache hash table entries: 65536 (order: 7, 524288 bytes)
[    5.608970] Mount-cache hash table entries: 2048 (order: 2, 16384 bytes)
[    5.620094] Mountpoint-cache hash table entries: 2048 (order: 2, 16384 bytes)
[    5.652463] Initializing cgroup subsys io
[    5.654395] Initializing cgroup subsys memory
[    5.659668] Initializing cgroup subsys devices
[    5.665097] Initializing cgroup subsys freezer
[    5.669853] Initializing cgroup subsys net_cls
[    5.685192] Initializing cgroup subsys perf_event
[    5.689972] Initializing cgroup subsys net_prio
[    5.702452] Initializing cgroup subsys hugetlb
[    5.712142] Initializing cgroup subsys pids
[    5.727625] mce: CPU supports 0 MCE banks
[    5.751768] Last level iTLB entries: 4KB 64, 2MB 8, 4MB 8
[    5.773544] Last level dTLB entries: 4KB 64, 2MB 0, 4MB 0, 1GB 4
[    5.785419] Spectre V1 : Mitigation: usercopy/swapgs barriers and __user pointer sanitization
[    5.804313] Spectre V2 : Mitigation: Full generic retpoline
[    5.809688] Spectre V2 : Spectre v2 / SpectreRSB mitigation: Filling RSB on context switch
[    5.843219] Speculative Store Bypass: Vulnerable
[    5.864004] MDS: Vulnerable: Clear CPU buffers attempted, no microcode
[    5.876687] Freeing SMP alternatives memory: 36K
[    5.895399] ftrace: allocating 32318 entries in 127 pages
[    6.016103] smpboot: APIC(0) Converting physical 0 to logical package 0
[    6.093662] smpboot: Max logical packages: 1
[    6.154658] x2apic enabled
[    6.176786] Switched APIC routing to physical x2apic.
[    6.238643] ..TIMER: vector=0x30 apic1=0 pin1=2 apic2=-1 pin2=-1
[    6.422327] smpboot: CPU0: Intel(R) Core(TM) i5-7200U CPU @ 2.50GHz (family: 0x6, model: 0x8e, stepping: 0x9)
[    6.570582] Performance Events: unsupported p6 CPU model 142 no PMU driver, software events only.
[    6.723712] KVM setup paravirtual spinlock
[    6.742354] x86: Booting SMP configuration:
[    6.771883] .... node  #0, CPUs:      #1
[    6.794677] kvm-clock: cpu 1, msr 0:3ffe3041, secondary cpu clock
[    6.836744] mce: CPU supports 0 MCE banks
[    6.851174] x86: Booted up 1 node, 2 CPUs
[    6.869384] smpboot: Total of 2 processors activated (10848.00 BogoMIPS)
[    6.883153] devtmpfs: initialized
[    6.898556] evm: security.selinux
[    6.907092] evm: security.SMACK64
[    6.920693] evm: security.SMACK64EXEC
[    6.922451] evm: security.SMACK64TRANSMUTE
[    6.929301] evm: security.SMACK64MMAP
[    6.934778] evm: security.ima
[    6.937241] evm: security.capability
[    6.939364] clocksource: jiffies: mask: 0xffffffff max_cycles: 0xffffffff, max_idle_ns: 7645041785100000 ns
[    6.959066] futex hash table entries: 512 (order: 3, 32768 bytes)
[    6.971509] pinctrl core: initialized pinctrl subsystem
[    6.976813] RTC time:  8:40:00, date: 10/11/19
[    6.979432] NET: Registered protocol family 16
[    6.993318] cpuidle: using governor ladder
[    7.038104] cpuidle: using governor menu
[    7.085332] PCCT header not found.
[    7.129381] ACPI: bus type PCI registered
[    7.154648] acpiphp: ACPI Hot Plug PCI Controller Driver version: 0.5
[    7.242437] PCI: Using configuration type 1 for base access
[    7.299489] ACPI: Added _OSI(Module Device)
[    7.350328] ACPI: Added _OSI(Processor Device)
[    7.414372] ACPI: Added _OSI(3.0 _SCP Extensions)
[    7.471102] ACPI: Added _OSI(Processor Aggregator Device)
[    7.529820] ACPI: Executed 1 blocks of module-level executable AML code
[    7.618712] ACPI: Interpreter enabled
[    7.664046] ACPI: (supports S0 S5)
[    7.672485] ACPI: Using IOAPIC for interrupt routing
[    7.731231] PCI: Using host bridge windows from ACPI; if necessary, use "pci=nocrs" and report a bug
[    7.854234] ACPI: PCI Root Bridge [PCI0] (domain 0000 [bus 00-ff])
[    7.884734] acpi PNP0A03:00: _OSC: OS supports [ASPM ClockPM Segments MSI]
[    7.903606] acpi PNP0A03:00: _OSC: not requesting OS control; OS requires [ExtendedConfig ASPM ClockPM MSI]
[    7.938626] acpi PNP0A03:00: fail to add MMCONFIG information, can't access extended PCI configuration space under this bridge.
[    7.998724] PCI host bridge to bus 0000:00
[    8.010106] pci_bus 0000:00: root bus resource [io  0x0000-0x0cf7 window]
[    8.021048] pci_bus 0000:00: root bus resource [io  0x0d00-0xffff window]
[    8.030507] pci_bus 0000:00: root bus resource [mem 0x000a0000-0x000bffff window]
[    8.045850] pci_bus 0000:00: root bus resource [mem 0x40000000-0xffdfffff window]
[    8.069138] pci_bus 0000:00: root bus resource [bus 00-ff]
[    8.079961] pci 0000:00:01.1: legacy IDE quirk: reg 0x10: [io  0x01f0-0x01f7]
[    8.084640] pci 0000:00:01.1: legacy IDE quirk: reg 0x14: [io  0x03f6]
[    8.091185] pci 0000:00:01.1: legacy IDE quirk: reg 0x18: [io  0x0170-0x0177]
[    8.097562] pci 0000:00:01.1: legacy IDE quirk: reg 0x1c: [io  0x0376]
[    8.131318] pci 0000:00:07.0: quirk: [io  0x4000-0x403f] claimed by PIIX4 ACPI
[    8.148576] pci 0000:00:07.0: quirk: [io  0x4100-0x410f] claimed by PIIX4 SMB
[    8.166321] ACPI: PCI Interrupt Link [LNKA] (IRQs 5 9 10 *11)
[    8.202899] ACPI: PCI Interrupt Link [LNKB] (IRQs 5 9 10 *11)
[    8.222405] ACPI: PCI Interrupt Link [LNKC] (IRQs 5 9 *10 11)
[    8.252163] ACPI: PCI Interrupt Link [LNKD] (IRQs 5 *9 10 11)
[    8.310486] ACPI: Enabled 2 GPEs in block 00 to 07
[    8.397077] vgaarb: setting as boot device: PCI:0000:00:02.0
[    8.473916] vgaarb: device added: PCI:0000:00:02.0,decodes=io+mem,owns=io+mem,locks=none
[    8.576737] vgaarb: loaded
[    8.617446] vgaarb: bridge control possible 0000:00:02.0
[    8.625862] SCSI subsystem initialized
[    8.685384] ACPI: bus type USB registered
[    8.737001] usbcore: registered new interface driver usbfs
[    8.793124] usbcore: registered new interface driver hub
[    8.842865] usbcore: registered new device driver usb
[    8.914620] PCI: Using ACPI for IRQ routing
[    8.960418] NetLabel: Initializing
[    9.002430] NetLabel:  domain hash size = 128
[    9.059221] NetLabel:  protocols = UNLABELED CIPSOv4
[    9.099733] NetLabel:  unlabeled traffic allowed by default
[    9.110352] amd_nb: Cannot enumerate AMD northbridges
[    9.133517] clocksource: Switched to clocksource kvm-clock
[    9.189739] AppArmor: AppArmor Filesystem Enabled
[    9.212577] pnp: PnP ACPI init
[    9.219121] pnp: PnP ACPI: found 3 devices
[    9.249486] clocksource: acpi_pm: mask: 0xffffff max_cycles: 0xffffff, max_idle_ns: 2085701024 ns
[    9.330191] NET: Registered protocol family 2
[    9.335340] TCP established hash table entries: 8192 (order: 4, 65536 bytes)
[    9.354588] TCP bind hash table entries: 8192 (order: 5, 131072 bytes)
[    9.357011] TCP: Hash tables configured (established 8192 bind 8192)
[    9.377421] UDP hash table entries: 512 (order: 2, 16384 bytes)
[    9.395383] UDP-Lite hash table entries: 512 (order: 2, 16384 bytes)
[    9.516563] NET: Registered protocol family 1
[    9.602244] pci 0000:00:00.0: Limiting direct PCI/PCI transfers
[    9.693986] pci 0000:00:01.0: Activating ISA DMA hang workarounds
[    9.699065] Unpacking initramfs...
[   10.339361] Freeing initrd memory: 14828K
[   10.350032] clocksource: tsc: mask: 0xffffffffffffffff max_cycles: 0x2717868ea45, max_idle_ns: 440795316085 ns
[   10.388632] platform rtc_cmos: registered platform RTC device (no PNP device found)
[   10.411828] Scanning for low memory corruption every 60 seconds
[   10.424208] audit: initializing netlink subsys (disabled)
[   10.450002] audit: type=2000 audit(1570783200.675:1): initialized
[   10.463796] Initialise system trusted keyring
[   10.476121] HugeTLB registered 2 MB page size, pre-allocated 0 pages
[   10.528207] zbud: loaded
[   10.534769] VFS: Disk quotas dquot_6.6.0
[   10.551297] VFS: Dquot-cache hash table entries: 512 (order 0, 4096 bytes)
[   10.559542] squashfs: version 4.0 (2009/01/31) Phillip Lougher
[   10.565824] fuse init (API version 7.23)
[   10.568189] Key type big_key registered
[   10.573087] Allocating IMA MOK and blacklist keyrings.
[   10.578377] Key type asymmetric registered
[   10.601105] Asymmetric key parser 'x509' registered
[   10.603425] Block layer SCSI generic (bsg) driver version 0.4 loaded (major 249)
[   10.608733] io scheduler noop registered
[   10.612871] io scheduler deadline registered (default)
[   10.629656] io scheduler cfq registered
[   10.631699] pci_hotplug: PCI Hot Plug PCI Core version: 0.5
[   10.650625] pciehp: PCI Express Hot Plug Controller Driver version: 0.4
[   10.660022] ACPI: AC Adapter [AC] (off-line)
[   10.708198] input: Power Button as /devices/LNXSYSTM:00/LNXPWRBN:00/input/input0
[   10.801042] ACPI: Power Button [PWRF]
[   10.840532] input: Sleep Button as /devices/LNXSYSTM:00/LNXSLPBN:00/input/input1
[   10.846875] ACPI: Sleep Button [SLPF]
[   10.865122] GHES: HEST is not enabled!
[   10.866930] ACPI: Battery Slot [BAT0] (battery present)
[   10.936846] Serial: 8250/16550 driver, 32 ports, IRQ sharing enabled
[   10.974246] 00:02: ttyS0 at I/O 0x3f8 (irq = 4, base_baud = 115200) is a 16550A
[   11.027710] Linux agpgart interface v0.103
[   11.058535] loop: module loaded
[   11.073494] scsi host0: ata_piix
[   11.104049] scsi host1: ata_piix
[   11.129375] ata1: PATA max UDMA/33 cmd 0x1f0 ctl 0x3f6 bmdma 0xd000 irq 14
[   11.153104] ata2: PATA max UDMA/33 cmd 0x170 ctl 0x376 bmdma 0xd008 irq 15
[   11.161822] libphy: Fixed MDIO Bus: probed
[   11.243804] tun: Universal TUN/TAP device driver, 1.6
[   11.318139] tun: (C) 1999-2004 Max Krasnyansky <maxk@qualcomm.com>
[   11.362889] PPP generic driver version 2.4.2
[   11.433038] ehci_hcd: USB 2.0 'Enhanced' Host Controller (EHCI) Driver
[   11.489880] ehci-pci: EHCI PCI platform driver
[   11.508725] ehci-platform: EHCI generic platform driver
[   11.526201] ohci_hcd: USB 1.1 'Open' Host Controller (OHCI) Driver
[   11.546324] ohci-pci: OHCI PCI platform driver
[   11.562818] ohci-platform: OHCI generic platform driver
[   11.570481] uhci_hcd: USB Universal Host Controller Interface driver
[   11.599374] i8042: PNP: PS/2 Controller [PNP0303:PS2K,PNP0f03:PS2M] at 0x60,0x64 irq 1,12
[   11.620619] serio: i8042 KBD port at 0x60,0x64 irq 1
[   11.636492] serio: i8042 AUX port at 0x60,0x64 irq 12
[   11.641988] mousedev: PS/2 mouse device common for all mice
[   11.651470] input: AT Translated Set 2 keyboard as /devices/platform/i8042/serio0/input/input2
[   11.672092] rtc_cmos rtc_cmos: rtc core: registered rtc_cmos as rtc0
[   11.699535] rtc_cmos rtc_cmos: alarms up to one day, 114 bytes nvram
[   11.708238] i2c /dev entries driver
[   11.709661] device-mapper: uevent: version 1.0.3
[   11.720241] device-mapper: ioctl: 4.34.0-ioctl (2015-10-28) initialised: dm-devel@redhat.com
[   11.728822] ledtrig-cpu: registered to indicate activity on CPUs
[   11.732271] NET: Registered protocol family 10
[   11.765757] NET: Registered protocol family 17
[   11.788677] Key type dns_resolver registered
[   11.795710] registered taskstats version 1
[   11.847443] Loading compiled-in X.509 certificates
[   11.973991] Loaded X.509 cert 'Build time autogenerated kernel key: 0ed82eac04367aa6426493b1389455ebf6830eaa'
[   12.148138] zswap: loaded using pool lzo/zbud
[   12.168126] Key type trusted registered
[   12.208893] Key type encrypted registered
[   12.236315] AppArmor: AppArmor sha1 policy hashing enabled
[   12.283280] ima: No TPM chip found, activating TPM-bypass!
[   12.296832] ima: Allocated hash algorithm: sha1
[   12.313168] evm: HMAC attrs: 0x1
[   12.323820]   Magic number: 7:829:674
[   12.353405] rtc_cmos rtc_cmos: setting system clock to 2019-10-11 08:40:06 UTC (1570783206)
[   12.421608] BIOS EDD facility v0.16 2004-Jun-25, 0 devices found
[   12.514095] EDD information not available.
[   12.594418] Freeing unused kernel memory: 1484K
[   12.683253] Write protecting the kernel read-only data: 14336k
[   12.709930] Freeing unused kernel memory: 1608K
[   12.726290] Freeing unused kernel memory: 64K
Loading, please wait...
starting version[   12.805798] random: systemd-udevd: uninitialized urandom read (16 bytes read, 7 bits of entropy available)
 229
[   12.807889] random: udevadm: uninitialized urandom read (16 bytes read, 7 bits of entropy available)
[   12.808020] random: udevadm: uninitialized urandom read (16 bytes read, 7 bits of entropy available)
[   12.841367] random: udevadm: uninitialized urandom read (16 bytes read, 7 bits of entropy available)
[   12.841452] random: udevadm: uninitialized urandom read (16 bytes read, 7 bits of entropy available)
[   12.841763] random: udevadm: uninitialized urandom read (16 bytes read, 7 bits of entropy available)
[   12.841876] random: udevadm: uninitialized urandom read (16 bytes read, 7 bits of entropy available)
[   12.841985] random: udevadm: uninitialized urandom read (16 bytes read, 7 bits of entropy available)
[   12.842425] random: udevadm: uninitialized urandom read (16 bytes read, 7 bits of entropy available)
[   12.842593] random: udevadm: uninitialized urandom read (16 bytes read, 7 bits of entropy available)
[   13.366871] Fusion MPT base driver 3.04.20
[   13.430700] Copyright (c) 1999-2008 LSI Corporation
[   13.445130] e1000: Intel(R) PRO/1000 Network Driver - version 7.3.21-k8-NAPI
[   13.480371] e1000: Copyright (c) 1999-2006 Intel Corporation.
[   13.551740] Fusion MPT SPI Host driver 3.04.20
[   13.553162] AVX version of gcm_enc/dec engaged.
[   13.553163] AES CTR mode by8 optimization enabled
[   13.731297] input: ImExPS/2 Generic Explorer Mouse as /devices/platform/i8042/serio1/input/input4
[   13.973232] e1000 0000:00:03.0 eth0: (PCI:33MHz:32-bit) 02:0e:9b:2d:5b:92
[   14.002040] e1000 0000:00:03.0 eth0: Intel(R) PRO/1000 Network Connection
[   14.017957] e1000 0000:00:03.0 enp0s3: renamed from eth0
[   14.033579] mptbase: ioc0: Initiating bringup
[   14.123603] ioc0: LSI53C1030 A0: Capabilities={Initiator}
[   14.441032] scsi host2: ioc0: LSI53C1030 A0, FwRev=00000000h, Ports=1, MaxQ=256, IRQ=20
[   14.750464] scsi 2:0:0:0: Direct-Access     VBOX     HARDDISK         1.0  PQ: 0 ANSI: 5
[   14.869919] scsi target2:0:0: Beginning Domain Validation
[   14.944211] scsi target2:0:0: Domain Validation skipping write tests
[   15.007772] scsi target2:0:0: Ending Domain Validation
[   15.039817] scsi target2:0:0: asynchronous
[   15.073680] scsi 2:0:1:0: Direct-Access     VBOX     HARDDISK         1.0  PQ: 0 ANSI: 5
[   15.105714] scsi target2:0:1: Beginning Domain Validation
[   15.151496] scsi target2:0:1: Domain Validation skipping write tests
[   15.165788] scsi target2:0:1: Ending Domain Validation
[   15.171609] scsi target2:0:1: asynchronous
[   15.202145] sd 2:0:0:0: [sda] 20971520 512-byte logical blocks: (10.7 GB/10.0 GiB)
[   15.240010] sd 2:0:0:0: Attached scsi generic sg0 type 0
[   15.243845] sd 2:0:0:0: [sda] Write Protect is off
[   15.257897] sd 2:0:1:0: Attached scsi generic sg1 type 0
[   15.257932] sd 2:0:0:0: [sda] Incomplete mode parameter data
[   15.257934] sd 2:0:0:0: [sda] Assuming drive cache: write through
[   15.292845] sd 2:0:1:0: [sdb] 20480 512-byte logical blocks: (10.5 MB/10.0 MiB)
[   15.293145] sd 2:0:1:0: [sdb] Write Protect is off
[   15.293296] sd 2:0:1:0: [sdb] Incomplete mode parameter data
[   15.293298] sd 2:0:1:0: [sdb] Assuming drive cache: write through
[   15.297456]  sda: sda1
[   15.298315] sd 2:0:0:0: [sda] Attached SCSI disk
[   15.299671] sd 2:0:1:0: [sdb] Attached SCSI disk
Begin: Loading essential drivers[   17.221643] md: linear personality registered for level -1
 ... [   17.321656] md: multipath personality registered for level -4
[   17.418761] md: raid0 personality registered for level 0
[   17.498613] md: raid1 personality registered for level 1
[   17.601965] raid6: sse2x1   gen()  2641 MB/s
[   17.677573] raid6: sse2x1   xor()  2848 MB/s
[   17.757936] raid6: sse2x2   gen()  6562 MB/s
[   17.849621] raid6: sse2x2   xor()  4043 MB/s
[   17.949834] raid6: sse2x4   gen()  8481 MB/s
[   18.085648] raid6: sse2x4   xor()  5475 MB/s
[   18.133945] raid6: using algorithm sse2x4 gen() 8481 MB/s
[   18.160562] raid6: .... xor() 5475 MB/s, rmw enabled
[   18.207829] raid6: using ssse3x2 recovery algorithm
[   18.285994] xor: automatically using best checksumming function:
[   18.418113]    avx       : 11972.000 MB/sec
[   18.457467] async_tx: api initialized (async)
[   18.522070] md: raid6 personality registered for level 6
[   18.647783] md: raid5 personality registered for level 5
[   18.695399] md: raid4 personality registered for level 4
[   18.719240] md: raid10 personality registered for level 10
done.
Begin: Running /scripts/init-premount ... done.
Begin: Mounting root file system ... Begin: Running /scripts/local-top ... done.
Begin: Running /scripts/local-premount ... [   18.820220] Btrfs loaded
Scanning for Btrfs filesystems
done.
Warning: fsck not present, so skipping root file[   18.870108] EXT4-fs (sda1): mounted filesystem with ordered data mode. Opts: (null)
 system
done.
Begin: Running /scripts/local-bottom ... done.
Begin: Running /scripts/init-bottom ... done.
[   19.050987] systemd[1]: systemd 229 running in system mode. (+PAM +AUDIT +SELINUX +IMA +APPARMOR +SMACK +SYSVINIT +UTMP +LIBCRYPTSETUP +GCRYPT +GNUTLS +ACL +XZ -LZ4 +SECCOMP +BLKID +ELFUTILS +KMOD -IDN)
[   19.281886] systemd[1]: Detected virtualization oracle.
[   19.406548] systemd[1]: Detected architecture x86-64.

Welcome to [1mUbuntu 16.04.6 LTS[0m!

[   19.547544] systemd[1]: Set hostname to <ubuntu>.
[   19.644630] systemd[1]: Initializing machine ID from random generator.
[   19.727866] systemd[1]: Installed transient /etc/machine-id file.
[   20.028464] systemd[1]: Started Forward Password Requests to Wall Directory Watch.
[[0;32m  OK  [0m] Started Forward Password Requests to Wall Directory Watch.
[   20.130871] systemd[1]: Listening on Journal Socket.
[[0;32m  OK  [0m] Listening on Journal Socket.
[   20.252424] systemd[1]: Created slice System Slice.
[[0;32m  OK  [0m] Created slice System Slice.
[   20.394459] systemd[1]: Starting Remount Root and Kernel File Systems...
[   20.399552] random: nonblocking pool is initialized
[   20.408057] EXT4-fs (sda1): re-mounted. Opts: (null)
         Starting Remount Root and Kernel File Systems...
[   20.603461] systemd[1]: Created slice system-serial\x2dgetty.slice.
[[0;32m  OK  [0m] Created slice system-serial\x2dgetty.slice.
[   20.767528] systemd[1]: Listening on udev Kernel Socket.
[[0;32m  OK  [0m] Listening on udev Kernel Socket.
[   20.942759] systemd[1]: Starting Uncomplicated firewall...
         Starting Uncomplicated firewall...
[   21.058705] systemd[1]: Starting Set console keymap...
         Starting Set console keymap...
[   21.126391] systemd[1]: Starting Create list of required static device nodes for the current kernel...
         Starting Create list of required st... nodes for the current kernel...
[   21.167839] systemd[1]: Started Trigger resolvconf update for networkd DNS.
[[0;32m  OK  [0m] Started Trigger resolvconf update for networkd DNS.
[   21.262370] systemd[1]: Starting Load Kernel Modules...
[   21.287730] Loading iSCSI transport class v2.0-870.
         Starting Load Kernel Mo[   21.379376] iscsi: registered transport (tcp)
dules...
[   21.397973] systemd[1]: Listening on LVM2 metadata daemon socket.
[[0;32m  OK  [0m] Listening on LVM2 metadata daemon socket.
[   21.453958] systemd[1]: Mounting Huge Pages File System...
[   21.454082] iscsi: registered transport (iser)
         Mounting Huge Pages File System...
[   21.562329] systemd[1]: Reached target User and Group Name Lookups.
[[0;32m  OK  [0m] Reached target User and Group Name Lookups.
[   21.686394] systemd[1]: Reached target Encrypted Volumes.
[[0;32m  OK  [0m] Reached target Encrypted Volumes.
[   21.878582] systemd[1]: Listening on LVM2 poll daemon socket.
[[0;32m  OK  [0m] Listening on LVM2 poll daemon socket.
[   22.018911] systemd[1]: Listening on Syslog Socket.
[[0;32m  OK  [0m] Listening on Syslog Socket.
[   22.167072] systemd[1]: Listening on Journal Audit Socket.
[[0;32m  OK  [0m] Listening on Journal Audit Socket.
[   22.274804] systemd[1]: Listening on /dev/initctl Compatibility Named Pipe.
[[0;32m  OK  [0m] Listening on /dev/initctl Compatibility Named Pipe.
[   22.338907] systemd[1]: Listening on Journal Socket (/dev/log).
[[0;32m  OK  [0m] Listening on Journal Socket (/dev/log).
[   22.406578] systemd[1]: Starting Journal Service...
         Starting Journal Service...
[   22.482531] systemd[1]: Starting Nameserver information manager...
         Starting Nameserver information manager...
[   22.498056] systemd[1]: Created slice User and Session Slice.
[[0;32m  OK  [0m] Created slice User and Session Slice.
[   22.634430] systemd[1]: Reached target Slices.
[[0;32m  OK  [0m] Reached target Slices.
[   22.782343] systemd[1]: Mounting POSIX Message Queue File System...
         Mounting POSIX Message Queue File System...
[   22.902419] systemd[1]: Reached target Swap.
[[0;32m  OK  [0m] Reached target Swap.
[   23.030957] systemd[1]: Set up automount Arbitrary Executable File Formats File System Automount Point.
[[0;32m  OK  [0m] Set up automount Arbitrary Executab...ats File System Automount Point.
[   23.340926] systemd[1]: Listening on Device-mapper event daemon FIFOs.
[[0;32m  OK  [0m] Listening on Device-mapper event daemon FIFOs.
[   23.510949] systemd[1]: Starting Monitoring of LVM2 mirrors, snapshots etc. using dmeventd or progress polling...
         Starting Monitoring of LVM2 mirrors... dmeventd or progress polling...
[   23.634521] systemd[1]: Listening on udev Control Socket.
[[0;32m  OK  [0m] Listening on udev Control Socket.
[   23.686028] systemd[1]: Mounting Debug File System...
         Mounting Debug File System...
[   23.766556] systemd[1]: Reached target System Time Synchronized.
[[0;32m  OK  [0m] Reached target System Time Synchronized.
[   24.004661] systemd[1]: Mounted POSIX Message Queue File System.
[[0;32m  OK  [0m] Mounted POSIX Message Queue File System.
[   24.163364] systemd[1]: Mounted Debug File System.
[[0;32m  OK  [0m] Mounted Debug File System.
[   24.288662] systemd[1]: Mounted Huge Pages File System.
[[0;32m  OK  [0m] Mounted Huge Pages File System.
[   24.423230] systemd[1]: Started Journal Service.
[[0;32m  OK  [0m] Started Journal Service.
[[0;32m  OK  [0m] Started Remount Root and Kernel File Systems.
[[0;32m  OK  [0m] Started Uncomplicated firewall.
[[0;32m  OK  [0m] Started Set console keymap.
[[0;32m  OK  [0m] Started Create list of required sta...ce nodes for the current kernel.
[[0;32m  OK  [0m] Started Load Kernel Modules.
[[0;32m  OK  [0m] Started Nameserver information manager.
[[0;32m  OK  [0m] Started LVM2 metadata daemon.
         Mounting FUSE Control File System...
         Starting Apply Kernel Variables...
         Starting Create Static Device Nodes in /dev...
         Starting udev Coldplug all Devices...
         Starting Load/Save Random Seed...
         Starting Flush Journal to Persistent Storage...
[[0;32m  OK  [0m] Mounted FUSE Control File System.
[[0;32m  OK  [0m] Started Monitoring of LVM2 mirrors,...ng dmeventd or progress polling.
[[0;32m  OK  [0m] Started Apply Kernel Variables.
[[0;32m  OK  [0m] Started Create Static Device Nodes in /dev.
[[0;32m  OK  [0m] Started Load/Save Random Seed.
[[0;32m  OK  [0m] Started udev Coldplug all Devices.
         Starting udev Kernel Device Manager...
[[0;32m  OK  [0m] Reached target Local File Systems (Pre).
[[0;32m  OK  [0m] Reached target Local File Systems.
         Starting Initial cloud-init job (pre-networking)...
         Starting Tell Plymouth To Write Out Runtime Data...
         Starting LSB: AppArmor initialization...
         Starting Commit a transient machine-id on disk...
         Starting Set console font and keymap...
[[0;32m  OK  [0m] Started udev Kernel Device Manager.
[[0;32m  OK  [0m] Started Flush Journal to Persistent Storage.
[[0;32m  OK  [0m] Started Tell Plymouth To Write Out Runtime Data.
[[0;32m  OK  [0m] Started Commit a transient machine-id on disk.
[[0;32m  OK  [0m] Found device /dev/ttyS0.
[[0;32m  OK  [0m] Listening on Load/Save RF Kill Switch Status /dev/rfkill Watch.
         Starting Create Volatile Files and Directories...
[[0;32m  OK  [0m] Started Dispatch Password Requests to Console Directory Watch.
[[0;32m  OK  [0m] Started Create Volatile Files and Directories.
[   20.485695] cloud-init[482]: Cloud-init v. 19.2-36-g059d049c-0ubuntu1~16.04.1 running 'init-local' at Fri, 11 Oct 2019 08:40:22 +0000. Up 19.59 seconds.
         Starting Update UTMP about System Boot/Shutdown...
[[0;32m  OK  [0m] Started Initial cloud-init job (pre-networking).
[[0;32m  OK  [0m] Reached target Network (Pre).
[[0;32m  OK  [0m] Started Update UTMP about System Boot/Shutdown.
[[0;32m  OK  [0m] Started Set console font and keymap.
[[0;32m  OK  [0m] Created slice system-getty.slice.
[[0;32m  OK  [0m] Started LSB: AppArmor initialization.
         Starting Raise network interfaces...
[[0;32m  OK  [0m] Started Raise network interfaces.
[[0;32m  OK  [0m] Reached target Network.
         Starting Initial cloud-init job (metadata service crawler)...
[   25.066139] cloud-init[952]: Cloud-init v. 19.2-36-g059d049c-0ubuntu1~16.04.1 running 'init' at Fri, 11 Oct 2019 08:40:26 +0000. Up 23.83 seconds.
[   25.140983] cloud-init[952]: ci-info: +++++++++++++++++++++++++++++++++++++Net device info++++++++++++++++++++++++++++++++++++++
[[   25.312491] cloud-init[952]: ci-info: +--------+------+---------------------------+---------------+--------+-------------------+
[   25.313418] cloud-init[952]: ci-info: | Device |  Up  |          Address          |      Mask     | Scope  |     Hw-Address    |
[   25.313683] cloud-init[952]: ci-info: +--------+------+---------------------------+---------------+--------+-------------------+
[   25.314008] cloud-init[952]: ci-info: | enp0s3 | True |         10.0.2.15         | 255.255.255.0 | global | 02:0e:9b:2d:5b:92 |
[   25.314263] cloud-init[952]: ci-info: | enp0s3 | True | fe80::e:9bff:fe2d:5b92/64 |       .       |  link  | 02:0e:9b:2d:5b:92 |
[   25.314517] cloud-init[952]: ci-info: |   lo   | True |         127.0.0.1         |   255.0.0.0   |  host  |         .         |
[   25.314851] cloud-init[952]: ci-info: |   lo   | True |          ::1/128          |       .       |  host  |         .         |
[   25.315112] cloud-init[952]: ci-info: +--------+------+---------------------------+---------------+--------+-------------------+
[   25.315361] cloud-init[952]: ci-info: +++++++++++++++++++++++++++Route IPv4 info++++++++++++++++++++++++++++
[   25.315626] cloud-init[952]: ci-info: +-------+-------------+----------+---------------+-----------+-------+
[   25.316005] cloud-init[952]: ci-info: | Route | Destination | Gateway  |    Genmask    | Interface | Flags |
[   25.316278] cloud-init[952]: ci-info: +-------+-------------+----------+---------------+-----------+-------+
[   25.316545] cloud-init[952]: ci-info: |   0   |   0.0.0.0   | 10.0.2.2 |    0.0.0.0    |   enp0s3  |   UG  |
[0;32m  OK  [0m] Started Initial cloud-init job (metadata service crawler).
[   25.317062] cloud-init[952]: ci-info: |   1   |   10.0.2.0  | 0.0.0.0  | 255.255.255.0 |   enp0s3  |   U   |
[   26.506867] cloud-init[952]: ci-info: +-------+-------------+----------+---------------+-----------+-------+
[[0;32m  OK  [0m] [   26.613241] cloud-init[952]: ci-info: +++++++++++++++++++Route IPv6 info+++++++++++++++++++
[   26.617688] cloud-init[952]: ci-info: +-------+-------------+---------+-----------+-------+
[   26.617853] cloud-init[952]: ci-info: | Route | Destination | Gateway | Interface | Flags |
[   26.617999] cloud-init[952]: ci-info: +-------+-------------+---------+-----------+-------+
[   26.618171] cloud-init[952]: ci-info: |   0   |  fe80::/64  |    ::   |   enp0s3  |   U   |
[   26.618308] cloud-init[952]: ci-info: |   4   |   ff00::/8  |    ::   |   enp0s3  |   U   |
[   26.618549] cloud-init[952]: ci-info: +-------+-------------+---------+-----------+-------+
[   26.618805] cloud-init[952]: Generating public/private rsa key pair.
[   26.618923] cloud-init[952]: Your identification has been saved in /etc/ssh/ssh_host_rsa_key.
[   26.619022] cloud-init[952]: Your public key has been saved in /etc/ssh/ssh_host_rsa_key.pub.
[   26.619119] cloud-init[952]: The key fingerprint is:
[   26.619215] cloud-init[952]: SHA256:dc7t+FuJRjlx9mu1bW9NtNqNg8FSFLHt39zCJXo3VKE root@ubuntu-xenial
[   26.619312] cloud-init[952]: The key's randomart image is:
[   26.619418] cloud-init[952]: +---[RSA 2048]----+
[   26.619582] cloud-init[952]: |            oo . |
[   26.619735] cloud-init[952]: |            .o. .|
[   26.619869] cloud-init[952]: |          ..oE.o.|
[   26.620012] cloud-init[952]: |         . +.o= +|
[   26.620159] cloud-init[952]: |        S  oo++o=|
[   26.620304] cloud-init[952]: |          . +=+*X|
Reached target Network is Online.
[   26.620760] cloud-init[952]: |           .o=BO%|
[   27.482354] cloud-init[952]: |            o++**|
         [   27.512309] cloud-init[952]: |              o+.|
[   27.512392] cloud-init[952]: +----[SHA256]-----+
[   27.512437] cloud-init[952]: Generating public/private dsa key pair.
[   27.512477] cloud-init[952]: Your identification has been saved in /etc/ssh/ssh_host_dsa_key.
[   27.512517] cloud-init[952]: Your public key has been saved in /etc/ssh/ssh_host_dsa_key.pub.
[   27.512565] cloud-init[952]: The key fingerprint is:
[   27.512606] cloud-init[952]: SHA256:ymWl+MPzznH0Ba9tLlRF3lrT8spn7yKjzOWco8YH7Fc root@ubuntu-xenial
[   27.512648] cloud-init[952]: The key's randomart image is:
[   27.512688] cloud-init[952]: +---[DSA 1024]----+
[   27.512727] cloud-init[952]: |               ..|
[   27.512772] cloud-init[952]: |               .+|
[   27.512816] cloud-init[952]: |          .   o.*|
[   27.512898] cloud-init[952]: |       . o     Bo|
[   27.512944] cloud-init[952]: |      . S.  . ..+|
[   27.512991] cloud-init[952]: |     . *  o. oE= |
[   27.513035] cloud-init[952]: |      o =o..oo= =|
[   27.513080] cloud-init[952]: |         B+**.o=.|
[   27.513124] cloud-init[952]: |         oO=++ ++|
[   27.513164] cloud-init[952]: +----[SHA256]-----+
[   27.513207] cloud-init[952]: Generating public/private ecdsa key pair.
[   27.513251] cloud-init[952]: Your identification has been saved in /etc/ssh/ssh_host_ecdsa_key.
[   27.513296] cloud-init[952]: Your public key has been saved in /etc/ssh/ssh_host_ecdsa_key.pub.
[   27.513371] cloud-init[952]: The key fingerprint is:
[   27.513421] cloud-init[952]: SHA256:oF5jGhnMYSb1zJKCCJNBiQj+h6M0hlf+sDhJZRhDslU root@ubuntu-xenial
[   27.513477] cloud-init[952]: The key's randomart image is:
[   27.513517] cloud-init[952]: +---[ECDSA 256]---+
[   27.513558] cloud-init[952]: |@=BoE            |
[   27.513608] cloud-init[952]: |BB X *           |
[   27.513649] cloud-init[952]: |+.o X =          |
[   27.513694] cloud-init[952]: |. .*.= .         |
[   27.513733] cloud-init[952]: |.+o+*.+ S        |
[   27.513776] cloud-init[952]: |ooo+oO .         |
[   27.513820] cloud-init[952]: | .+ + .          |
[   27.513862] cloud-init[952]: |   .             |
[   27.513907] cloud-init[952]: |                 |
[   27.513971] cloud-init[952]: +----[SHA256]-----+
[   27.514038] cloud-init[952]: Generating public/private ed25519 key pair.
[   27.514108] cloud-init[952]: Your identification has been saved in /etc/ssh/ssh_host_ed25519_key.
[   27.514173] cloud-init[952]: Your public key has been saved in /etc/ssh/ssh_host_ed25519_key.pub.
[   27.514236] cloud-init[952]: The key fingerprint is:
[   27.514336] cloud-init[952]: SHA256:LQUUCIUczM9dyQuMPuhZTh+ZFNI8LM6fko7B3nJSWmw root@ubuntu-xenial
[   27.514428] cloud-init[952]: The key's randomart image is:
[   27.514489] cloud-init[952]: +--[ED25519 256]--+
[   27.514546] cloud-init[952]: |   +o=oO=+ .     |
[   27.514602] cloud-init[952]: |    = +.O.+      |
[   27.514661] cloud-init[952]: |     B + *..     |
[   27.514717] cloud-init[952]: |    . X =o.      |
[   27.514779] cloud-init[952]: |   o * =So.      |
[   27.514835] cloud-init[952]: |    = E +.       |
[   27.514883] cloud-init[952]: |   . X .         |
[   27.514927] cloud-init[952]: |    * +          |
[   27.515333] cloud-init[952]: |     +           |
[   27.515407] cloud-init[952]: +----[SHA256]-----+
Starting iSCSI initiator daemon (iscsid)...
[[0;32m  OK  [0m] Reached target Cloud-config availability.
[[0;32m  OK  [0m] Reached target System Initialization.
         Starting LXD - unix socket.
[[0;32m  OK  [0m] Listening on UUID daemon activation socket.
[[0;32m  OK  [0m] Started Daily Cleanup of Temporary Directories.
[[0;32m  OK  [0m] Listening on D-Bus System Message Bus Socket.
         Starting Socket activation for snappy daemon.
[[0;32m  OK  [0m] Started ACPI Events Check.
[[0;32m  OK  [0m] Reached target Paths.
[[0;32m  OK  [0m] Listening on ACPID Listen Socket.
[[0;32m  OK  [0m] Started Daily apt download activities.
[[0;32m  OK  [0m] Started Daily apt upgrade and clean activities.
[[0;32m  OK  [0m] Reached target Timers.
[[0;32m  OK  [0m] Listening on LXD - unix socket.
[[0;32m  OK  [0m] Listening on Socket activation for snappy daemon.
[[0;32m  OK  [0m] Started iSCSI initiator daemon (iscsid).
         Starting Login to default iSCSI targets...
[[0;32m  OK  [0m] Reached target Sockets.
[[0;32m  OK  [0m] Reached target Basic System.
[[0;32m  OK  [0m] Started ACPI event daemon.
         Starting Virtualbox guest utils...
[[0;32m  OK  [0m] Started D-Bus System Message Bus.
         Starting System Logging Service...
[[0;32m  OK  [0m] Started Regular background program processing daemon.
[[0;32m  OK  [0m] Started Deferred execution scheduler.
         Starting Snappy daemon...
         Starting Pollinate to seed the pseudo random number generator...
[[0;32m  OK  [0m] Started FUSE filesystem for LXC.
         Starting Login Service...
         Starting LSB: Record successful boot for GRUB...
         Starting LSB: MD monitoring daemon...
         Starting /etc/rc.local Compatibility...
         Starting Accounts Service...
         Starting LXD - container startup/shutdown...
[[0;32m  OK  [0m] Started System Logging Service.
[[0;32m  OK  [0m] Started Snappy daemon.
[[0;32m  OK  [0m] Started Pollinate to seed the pseudo random number generator.
[[0;32m  OK  [0m] Started /etc/rc.local Compatibility.
[[0;32m  OK  [0m] Started LXD - container startup/shutdown.
[[0;32m  OK  [0m] Started Login to default iSCSI targets.
[[0;32m  OK  [0m] Started Virtualbox guest utils.
[[0;32m  OK  [0m] Started LSB: Record successful boot for GRUB.
[[0;32m  OK  [0m] Started LSB: MD monitoring daemon.
[[0;32m  OK  [0m] Started Login Service.
[[0;32m  OK  [0m] Started Unattended Upgrades Shutdown.
         Starting Authenticate and Authorize Users to Run Privileged Tasks...
[[0;32m  OK  [0m] Reached target Remote File Systems (Pre).
[[0;32m  OK  [0m] Reached target Remote File Systems.
         Starting LSB: daemon to balance interrupts for SMP systems...
         Starting LSB: Set the CPU Frequency Scaling governor to "ondemand"...
         Starting LSB: automatic crash report generation...
         Starting Permit User Sessions...
         Starting OpenBSD Secure Shell server...
         Starting Wait until snapd is fully seeded...
[[0;32m  OK  [0m] Started Permit User Sessions.
[[0;32m  OK  [0m] Started Wait until snapd is fully seeded.
[[0;32m  OK  [0m] Started OpenBSD Secure Shell server.
[[0;32m  OK  [0m] Started Authenticate and Authorize Users to Run Privileged Tasks.
[[0;32m  OK  [0m] Started Accounts Service.
[[0;32m  OK  [0m] Started LSB: Set the CPU Frequency Scaling governor to "ondemand".
[[0;32m  OK  [0m] Started LSB: daemon to balance interrupts for SMP systems.
[[0;32m  OK  [0m] Started LSB: automatic crash report generation.
[[0;32m  OK  [0m] Created slice User Slice of vagrant.
         Starting User Manager for UID 1000...
[[0;32m  OK  [0m] Started Session 1 of user vagrant.
         Starting Apply the settings specified in cloud-config...
         Starting Hold until boot process finishes up...
         Starting Terminate Plymouth Boot Screen...
[[0;32m  OK  [0m] Started User Manager for UID 1000.
[[0;32m  OK  [0m] Started Hold until boot process finishes up.
[[0;32m  OK  [0m] Started Terminate Plymouth Boot Screen.
[[0;32m  OK  [0m] Started Getty on tty1.
[[0;32m  OK  [0m] Started Serial Getty on ttyS0.
[[0;32m  OK  [0m] Reached target Login Prompts.
         Starting Set console scheme...
[[0;32m  OK  [0m] Reached target Multi-User System.
[[0;32m  OK  [0m] Reached target Graphical Interface.
         Starting Update UTMP about System Runlevel Changes...
[[0;32m  OK  [0m] Started Set console scheme.
[[0;32m  OK  [0m] Started Update UTMP about System Runlevel Changes.
[   33.236763] cloud-init[1294]: Generating locales (this might take a while)...
[   35.189302] cloud-init[1294]:   en_US.UTF-8... done
[   35.232935] cloud-init[1294]: Generation complete.
[   35.749142] cloud-init[1294]: Cloud-init v. 19.2-36-g059d049c-0ubuntu1~16.04.1 running 'modules:config' at Fri, 11 Oct 2019 08:40:35 +0000. Up 32.94 seconds.
[[0;32m  OK  [0m] Started Apply the settings specified in cloud-config.
         Starting Execute cloud user/final scripts...
ci-info: no authorized ssh keys fingerprints found for user ubuntu.
<14>Oct 11 08:40:39 ec2: 
<14>Oct 11 08:40:39 ec2: #############################################################
<14>Oct 11 08:40:39 ec2: -----BEGIN SSH HOST KEY FINGERPRINTS-----
<14>Oct 11 08:40:39 ec2: 1024 SHA256:ymWl+MPzznH0Ba9tLlRF3lrT8spn7yKjzOWco8YH7Fc root@ubuntu-xenial (DSA)
<14>Oct 11 08:40:39 ec2: 256 SHA256:oF5jGhnMYSb1zJKCCJNBiQj+h6M0hlf+sDhJZRhDslU root@ubuntu-xenial (ECDSA)
<14>Oct 11 08:40:39 ec2: 256 SHA256:LQUUCIUczM9dyQuMPuhZTh+ZFNI8LM6fko7B3nJSWmw root@ubuntu-xenial (ED25519)
<14>Oct 11 08:40:39 ec2: 2048 SHA256:dc7t+FuJRjlx9mu1bW9NtNqNg8FSFLHt39zCJXo3VKE root@ubuntu-xenial (RSA)
<14>Oct 11 08:40:39 ec2: -----END SSH HOST KEY FINGERPRINTS-----
<14>Oct 11 08:40:39 ec2: #############################################################
-----BEGIN SSH HOST KEY KEYS-----
ecdsa-sha2-nistp256 AAAAE2VjZHNhLXNoYTItbmlzdHAyNTYAAAAIbmlzdHAyNTYAAABBBKBYyeYURnhW1aLE7GihbSh7m7cWC21X1tIg9WOp8RcTBbjrWDMP+yphVMhMGCXaQwlmU9GJ0SwJXzTHuo+/5nY= root@ubuntu-xenial
ssh-ed25519 AAAAC3NzaC1lZDI1NTE5AAAAIEtPJ7iYNYKYgWAGvIFXK/0qWJf5e2S4dPV46WASZlnd root@ubuntu-xenial
ssh-rsa AAAAB3NzaC1yc2EAAAADAQABAAABAQDFFxpqKsLZFcn02MNTsX5qSDWk2j+yNOeYZQ/XzmoY4FJ+O3uVLSX6GxcEudk05Pcr/2Ula46SRPPvd/enWq5tDhl3rOtUyPmoHteh6pfB3ivYJIBxbR7i4jljlMWGBNCCoX1b90GUAqL1eUwINl7bVmOrE3+5GpcbVfuj7Kt2QoOasOvAV5KnscumXxafJJHS3/IZH8SYi0iLxAKXgOAe0jJreCIPMjNEA5lU6ECbmm62JQP7/LvbNzrunsFdEx1BftiZlmU/bxR30haCwY0TI2R4v507Js4rdv9pFdU1URhLXxXF16wnBkUbp/2+nxKd6LkpN1y6BLGU9KqhYZ51 root@ubuntu-xenial
-----END SSH HOST KEY KEYS-----
[   37.915260] cloud-init[1511]: Cloud-init v. 19.2-36-g059d049c-0ubuntu1~16.04.1 running 'modules:final' at Fri, 11 Oct 2019 08:40:39 +0000. Up 36.61 seconds.
[   37.915671] cloud-init[1511]: ci-info: no authorized ssh keys fingerprints found for user ubuntu.
[   37.915952] cloud-init[1511]: Cloud-init v. 19.2-36-g059d049c-0ubuntu1~16.04.1 finished at Fri, 11 Oct 2019 08:40:40 +0000. Datasource DataSourceNoCloud [seed=/dev/sdb][dsmode=net].  Up 37.89 seconds

Ubuntu 16.04.6 LTS ubuntu-xenial ttyS0

ubuntu-xenial login: 